Started GET "/users/sign_in" for ::1 at 2020-01-14 19:27:58 +0200
  [1m[35m (0.3ms)[0m  [1m[34mSELECT "schema_migrations"."version" FROM "schema_migrations" ORDER BY "schema_migrations"."version" ASC[0m
  ↳ /Users/nickhar/.rbenv/versions/2.6.4/lib/ruby/gems/2.6.0/gems/activerecord-5.2.4.1/lib/active_record/log_subscriber.rb:98
Processing by Devise::SessionsController#new as HTML
  Rendering devise/sessions/new.html.erb within layouts/application
  Rendered devise/shared/_links.html.erb (3.4ms)
  Rendered devise/sessions/new.html.erb within layouts/application (104.2ms)
Completed 200 OK in 6997ms (Views: 6967.1ms | ActiveRecord: 0.9ms)


Started POST "/users/sign_in" for ::1 at 2020-01-14 19:28:12 +0200
Processing by Devise::SessionsController#create as HTML
  Parameters: {"utf8"=>"✓", "authenticity_token"=>"q+z/bIPuF/FmU2QNIBnfwUXy+/tPdlLIqigFol38Z41iOSaboYRH9kofMdPyl8m77WVXX+TrGerj6XkJNk8lqw==", "user"=>{"email"=>"nick@test.com", "password"=>"[FILTERED]", "remember_me"=>"0"}, "commit"=>"Log in"}
  [1m[36mUser Load (17.4ms)[0m  [1m[34mSELECT  "users".* FROM "users" WHERE "users"."email" = ? ORDER BY "users"."id" ASC LIMIT ?[0m  [["email", "nick@test.com"], ["LIMIT", 1]]
  ↳ /Users/nickhar/.rbenv/versions/2.6.4/lib/ruby/gems/2.6.0/gems/activerecord-5.2.4.1/lib/active_record/log_subscriber.rb:98
Redirected to http://localhost:3000/
Completed 302 Found in 264ms (ActiveRecord: 17.4ms)


Started GET "/" for ::1 at 2020-01-14 19:28:12 +0200
Processing by WelcomeController#index as HTML
  Rendering welcome/index.html.erb within layouts/application
  [1m[36mUser Load (0.3ms)[0m  [1m[34mSELECT  "users".* FROM "users" WHERE "users"."id" = ? ORDER BY "users"."id" ASC LIMIT ?[0m  [["id", 4], ["LIMIT", 1]]
  ↳ app/views/welcome/index.html.erb:1
  Rendered welcome/index.html.erb within layouts/application (2.6ms)
Completed 200 OK in 49ms (Views: 41.0ms | ActiveRecord: 0.3ms)


Started DELETE "/users/sign_out" for ::1 at 2020-01-14 19:28:14 +0200
Processing by Devise::SessionsController#destroy as HTML
  Parameters: {"authenticity_token"=>"/dk5JInAoXEE01cRuQooahOPKSIrvTQq8rO4Dr9aYF7fXnTbZgz4quAeXe65ikoMxHhiHuFeEfZQzq31/1L8vA=="}
  [1m[36mUser Load (0.2ms)[0m  [1m[34mSELECT  "users".* FROM "users" WHERE "users"."id" = ? ORDER BY "users"."id" ASC LIMIT ?[0m  [["id", 4], ["LIMIT", 1]]
  ↳ /Users/nickhar/.rbenv/versions/2.6.4/lib/ruby/gems/2.6.0/gems/activerecord-5.2.4.1/lib/active_record/log_subscriber.rb:98
  [1m[35m (0.1ms)[0m  [1m[36mbegin transaction[0m
  ↳ /Users/nickhar/.rbenv/versions/2.6.4/lib/ruby/gems/2.6.0/gems/activerecord-5.2.4.1/lib/active_record/log_subscriber.rb:98
  [1m[35m (0.0ms)[0m  [1m[36mcommit transaction[0m
  ↳ /Users/nickhar/.rbenv/versions/2.6.4/lib/ruby/gems/2.6.0/gems/activerecord-5.2.4.1/lib/active_record/log_subscriber.rb:98
Redirected to http://localhost:3000/
Completed 302 Found in 13ms (ActiveRecord: 0.3ms)


Started GET "/" for ::1 at 2020-01-14 19:28:14 +0200
Processing by WelcomeController#index as HTML
  Rendering welcome/index.html.erb within layouts/application
  Rendered welcome/index.html.erb within layouts/application (1.8ms)
Completed 200 OK in 85ms (Views: 83.4ms | ActiveRecord: 0.0ms)


Started GET "/" for ::1 at 2020-01-15 18:05:36 +0200
  [1m[35m (0.4ms)[0m  [1m[34mSELECT "schema_migrations"."version" FROM "schema_migrations" ORDER BY "schema_migrations"."version" ASC[0m
  ↳ /Users/nickhar/.rbenv/versions/2.6.4/lib/ruby/gems/2.6.0/gems/activerecord-5.2.4.1/lib/active_record/log_subscriber.rb:98
Processing by WelcomeController#index as HTML
  Rendering welcome/index.html.erb within layouts/application
  Rendered welcome/index.html.erb within layouts/application (5.1ms)
Completed 200 OK in 606ms (Views: 573.6ms | ActiveRecord: 0.0ms)


Started GET "/users/sign_up" for ::1 at 2020-01-15 18:05:39 +0200
Processing by Devise::RegistrationsController#new as HTML
  Rendering devise/registrations/new.html.erb within layouts/application
  Rendered devise/shared/_links.html.erb (1.7ms)
  Rendered devise/registrations/new.html.erb within layouts/application (121.9ms)
Completed 200 OK in 182ms (Views: 164.4ms | ActiveRecord: 0.7ms)


Started GET "/users/sign_up" for ::1 at 2020-01-15 18:07:16 +0200
Processing by Devise::RegistrationsController#new as HTML
  Rendering devise/registrations/new.html.erb within layouts/application
  Rendered devise/shared/_links.html.erb (1.5ms)
  Rendered devise/registrations/new.html.erb within layouts/application (7.5ms)
Completed 200 OK in 47ms (Views: 46.4ms | ActiveRecord: 0.0ms)


Started GET "/users/sign_up" for ::1 at 2020-01-15 18:53:16 +0200
Processing by Devise::RegistrationsController#new as HTML
  Rendering devise/registrations/new.html.erb within layouts/application
  Rendered devise/shared/_links.html.erb (1.2ms)
  Rendered devise/registrations/new.html.erb within layouts/application (41.6ms)
Completed 200 OK in 3216ms (Views: 3214.8ms | ActiveRecord: 0.0ms)


